[debug] ----------------------------------------------------------------------
[debug] Command:      /usr/local/bin/node /usr/local/bin/firebase deploy
[debug] CLI Version:  3.5.0
[debug] Platform:     darwin
[debug] Node Version: v4.4.7
[debug] Time:         Thu Mar 23 2017 23:51:18 GMT+0100 (CET)
[debug] ----------------------------------------------------------------------
[debug] 
[debug] > command requires scopes: ["email","openid","https://www.googleapis.com/auth/cloudplatformprojects.readonly","https://www.googleapis.com/auth/firebase"]
[debug] >>> HTTP REQUEST GET https://admin.firebase.com/v1/projects/emmawalterwedding  
 Thu Mar 23 2017 23:51:18 GMT+0100 (CET)
[debug] <<< HTTP RESPONSE 200
[debug] >>> HTTP REQUEST GET https://admin.firebase.com/v1/database/emmawalterwedding/tokens  
 Thu Mar 23 2017 23:51:20 GMT+0100 (CET)
[debug] <<< HTTP RESPONSE 200
[info] 
[info] === Deploying to 'emmawalterwedding'...
[info] 
[info] i  deploying database, hosting
[info] ✔  database: rules ready to deploy.
[info] i  hosting: preparing public directory for upload...
[debug] >>> HTTP REQUEST PUT https://deploy.firebase.com/v1/hosting/emmawalterwedding/uploads/-KfxMVhDJl72E-yEHUWr?fileCount=198&message=  
 Thu Mar 23 2017 23:51:25 GMT+0100 (CET)
[debug] Error: write EPIPE
    at exports._errnoException (util.js:873:11)
    at WriteWrap.afterWrite (net.js:785:14)
[error] 
[error] Error: Server Error. write EPIPE
